[35m[1mScanning dependencies of target _four_wheel_steering_msgs_generate_messages_check_deps_FourWheelSteeringStamped[0m
[  0%] Built target _four_wheel_steering_msgs_generate_messages_check_deps_FourWheelSteeringStamped
[35m[1mScanning dependencies of target std_msgs_generate_messages_nodejs[0m
[  0%] Built target std_msgs_generate_messages_nodejs
[35m[1mScanning dependencies of target _four_wheel_steering_msgs_generate_messages_check_deps_FourWheelSteering[0m
[  0%] Built target _four_wheel_steering_msgs_generate_messages_check_deps_FourWheelSteering
[35m[1mScanning dependencies of target std_msgs_generate_messages_cpp[0m
[  0%] Built target std_msgs_generate_messages_cpp
[35m[1mScanning dependencies of target std_msgs_generate_messages_lisp[0m
[  0%] Built target std_msgs_generate_messages_lisp
[35m[1mScanning dependencies of target std_msgs_generate_messages_py[0m
[  0%] Built target std_msgs_generate_messages_py
[35m[1mScanning dependencies of target std_msgs_generate_messages_eus[0m
[  0%] Built target std_msgs_generate_messages_eus
[35m[1mScanning dependencies of target four_wheel_steering_msgs_generate_messages_nodejs[0m
[  8%] [34m[1mGenerating Javascript code from four_wheel_steering_msgs/FourWheelSteering.msg[0m
[ 16%] [34m[1mGenerating Javascript code from four_wheel_steering_msgs/FourWheelSteeringStamped.msg[0m
[ 16%] Built target four_wheel_steering_msgs_generate_messages_nodejs
[35m[1mScanning dependencies of target four_wheel_steering_msgs_generate_messages_cpp[0m
[ 25%] [34m[1mGenerating C++ code from four_wheel_steering_msgs/FourWheelSteering.msg[0m
[ 33%] [34m[1mGenerating C++ code from four_wheel_steering_msgs/FourWheelSteeringStamped.msg[0m
[ 33%] Built target four_wheel_steering_msgs_generate_messages_cpp
[35m[1mScanning dependencies of target four_wheel_steering_msgs_generate_messages_lisp[0m
[ 41%] [34m[1mGenerating Lisp code from four_wheel_steering_msgs/FourWheelSteering.msg[0m
[ 50%] [34m[1mGenerating Lisp code from four_wheel_steering_msgs/FourWheelSteeringStamped.msg[0m
[ 50%] Built target four_wheel_steering_msgs_generate_messages_lisp
[35m[1mScanning dependencies of target four_wheel_steering_msgs_generate_messages_py[0m
[ 58%] [34m[1mGenerating Python from MSG four_wheel_steering_msgs/FourWheelSteering[0m
[ 66%] [34m[1mGenerating Python from MSG four_wheel_steering_msgs/FourWheelSteeringStamped[0m
[ 75%] [34m[1mGenerating Python msg __init__.py for four_wheel_steering_msgs[0m
[ 75%] Built target four_wheel_steering_msgs_generate_messages_py
[35m[1mScanning dependencies of target four_wheel_steering_msgs_generate_messages_eus[0m
[ 83%] [34m[1mGenerating EusLisp code from four_wheel_steering_msgs/FourWheelSteering.msg[0m
[ 91%] [34m[1mGenerating EusLisp code from four_wheel_steering_msgs/FourWheelSteeringStamped.msg[0m
[100%] [34m[1mGenerating EusLisp manifest code for four_wheel_steering_msgs[0m
[100%] Built target four_wheel_steering_msgs_generate_messages_eus
[35m[1mScanning dependencies of target four_wheel_steering_msgs_generate_messages[0m
[100%] Built target four_wheel_steering_msgs_generate_messages
