Symlinking /home/ltoschi/Documents/robovisor/catkin_ws/devel/include/four_wheel_steering_msgs/FourWheelSteeringStamped.h
Symlinking /home/ltoschi/Documents/robovisor/catkin_ws/devel/include/four_wheel_steering_msgs/FourWheelSteering.h
Symlinking /home/ltoschi/Documents/robovisor/catkin_ws/devel/lib/pkgconfig/four_wheel_steering_msgs.pc
Symlinking /home/ltoschi/Documents/robovisor/catkin_ws/devel/lib/python3/dist-packages/four_wheel_steering_msgs/__init__.py
Symlinking /home/ltoschi/Documents/robovisor/catkin_ws/devel/lib/python3/dist-packages/four_wheel_steering_msgs/msg/__init__.py
Symlinking /home/ltoschi/Documents/robovisor/catkin_ws/devel/lib/python3/dist-packages/four_wheel_steering_msgs/msg/_FourWheelSteering.py
Symlinking /home/ltoschi/Documents/robovisor/catkin_ws/devel/lib/python3/dist-packages/four_wheel_steering_msgs/msg/_FourWheelSteeringStamped.py
Symlinking /home/ltoschi/Documents/robovisor/catkin_ws/devel/share/four_wheel_steering_msgs/cmake/four_wheel_steering_msgs-msg-paths.cmake
Symlinking /home/ltoschi/Documents/robovisor/catkin_ws/devel/share/four_wheel_steering_msgs/cmake/four_wheel_steering_msgsConfig-version.cmake
Symlinking /home/ltoschi/Documents/robovisor/catkin_ws/devel/share/four_wheel_steering_msgs/cmake/four_wheel_steering_msgs-msg-extras.cmake
Symlinking /home/ltoschi/Documents/robovisor/catkin_ws/devel/share/four_wheel_steering_msgs/cmake/four_wheel_steering_msgsConfig.cmake
Symlinking /home/ltoschi/Documents/robovisor/catkin_ws/devel/share/roseus/ros/four_wheel_steering_msgs/manifest.l
Symlinking /home/ltoschi/Documents/robovisor/catkin_ws/devel/share/roseus/ros/four_wheel_steering_msgs/msg/FourWheelSteering.l
Symlinking /home/ltoschi/Documents/robovisor/catkin_ws/devel/share/roseus/ros/four_wheel_steering_msgs/msg/FourWheelSteeringStamped.l
Symlinking /home/ltoschi/Documents/robovisor/catkin_ws/devel/share/gennodejs/ros/four_wheel_steering_msgs/_index.js
Symlinking /home/ltoschi/Documents/robovisor/catkin_ws/devel/share/gennodejs/ros/four_wheel_steering_msgs/msg/_index.js
Symlinking /home/ltoschi/Documents/robovisor/catkin_ws/devel/share/gennodejs/ros/four_wheel_steering_msgs/msg/FourWheelSteering.js
Symlinking /home/ltoschi/Documents/robovisor/catkin_ws/devel/share/gennodejs/ros/four_wheel_steering_msgs/msg/FourWheelSteeringStamped.js
Symlinking /home/ltoschi/Documents/robovisor/catkin_ws/devel/share/common-lisp/ros/four_wheel_steering_msgs/msg/FourWheelSteeringStamped.lisp
Symlinking /home/ltoschi/Documents/robovisor/catkin_ws/devel/share/common-lisp/ros/four_wheel_steering_msgs/msg/FourWheelSteering.lisp
Symlinking /home/ltoschi/Documents/robovisor/catkin_ws/devel/share/common-lisp/ros/four_wheel_steering_msgs/msg/_package_FourWheelSteering.lisp
Symlinking /home/ltoschi/Documents/robovisor/catkin_ws/devel/share/common-lisp/ros/four_wheel_steering_msgs/msg/_package_FourWheelSteeringStamped.lisp
Symlinking /home/ltoschi/Documents/robovisor/catkin_ws/devel/share/common-lisp/ros/four_wheel_steering_msgs/msg/four_wheel_steering_msgs-msg.asd
Symlinking /home/ltoschi/Documents/robovisor/catkin_ws/devel/share/common-lisp/ros/four_wheel_steering_msgs/msg/_package.lisp
