[35m[1mScanning dependencies of target rplidarNode[0m
[  7%] [32mBuilding CXX object CMakeFiles/rplidarNode.dir/src/node.cpp.o[0m
[ 14%] [32mBuilding CXX object CMakeFiles/rplidarNode.dir/sdk/src/arch/linux/net_serial.cpp.o[0m
[01m[K/home/ltoschi/Documents/robovisor/catkin_ws/src/rplidar_ros/sdk/src/arch/linux/net_serial.cpp:[m[K In member function ‘[01m[Kvirtual void rp::arch::net::raw_serial::cancelOperation()[m[K’:
[01m[K/home/ltoschi/Documents/robovisor/catkin_ws/src/rplidar_ros/sdk/src/arch/linux/net_serial.cpp:428:12:[m[K [01;35m[Kwarning: [m[Kignoring return value of ‘[01m[Kssize_t write(int, const void*, size_t)[m[K’, declared with attribute warn_unused_result [[01;35m[K-Wunused-result[m[K]
  428 |     [01;35m[K::write(_selfpipe[1], "x", 1)[m[K;
      |     [01;35m[K~~~~~~~^~~~~~~~~~~~~~~~~~~~~~[m[K
[ 21%] [32mBuilding CXX object CMakeFiles/rplidarNode.dir/sdk/src/arch/linux/net_socket.cpp.o[0m
[01m[K/home/ltoschi/Documents/robovisor/catkin_ws/src/rplidar_ros/src/node.cpp:[m[K In function ‘[01m[Kbool checkRPLIDARHealth(sl::ILidarDriver*)[m[K’:
[01m[K/home/ltoschi/Documents/robovisor/catkin_ws/src/rplidar_ros/src/node.cpp:156:1:[m[K [01;35m[Kwarning: [m[Kcontrol reaches end of non-void function [[01;35m[K-Wreturn-type[m[K]
  156 | [01;35m[K}[m[K
      | [01;35m[K^[m[K
[ 28%] [32mBuilding CXX object CMakeFiles/rplidarNode.dir/sdk/src/arch/linux/timer.cpp.o[0m
[35m[1mScanning dependencies of target rplidarNodeClient[0m
[ 35%] [32mBuilding CXX object CMakeFiles/rplidarNodeClient.dir/src/client.cpp.o[0m
[ 42%] [32mBuilding CXX object CMakeFiles/rplidarNode.dir/sdk/src/hal/thread.cpp.o[0m
[ 50%] [32mBuilding CXX object CMakeFiles/rplidarNode.dir/sdk/src/rplidar_driver.cpp.o[0m
[ 57%] [32mBuilding CXX object CMakeFiles/rplidarNode.dir/sdk/src/sl_crc.cpp.o[0m
[ 64%] [32mBuilding CXX object CMakeFiles/rplidarNode.dir/sdk/src/sl_lidar_driver.cpp.o[0m
[ 71%] [32m[1mLinking CXX executable /home/ltoschi/Documents/robovisor/catkin_ws/devel/.private/rplidar_ros/lib/rplidar_ros/rplidarNodeClient[0m
[ 71%] Built target rplidarNodeClient
[ 78%] [32mBuilding CXX object CMakeFiles/rplidarNode.dir/sdk/src/sl_serial_channel.cpp.o[0m
[01m[K/home/ltoschi/Documents/robovisor/catkin_ws/src/rplidar_ros/sdk/src/sl_serial_channel.cpp:33:9:[m[K [01;35m[Kwarning: [m[K#pragma once in main file
   33 | #pragma [01;35m[Konce[m[K
      |         [01;35m[K^~~~[m[K
[ 85%] [32mBuilding CXX object CMakeFiles/rplidarNode.dir/sdk/src/sl_tcp_channel.cpp.o[0m
[01m[K/home/ltoschi/Documents/robovisor/catkin_ws/src/rplidar_ros/sdk/src/sl_tcp_channel.cpp:33:9:[m[K [01;35m[Kwarning: [m[K#pragma once in main file
   33 | #pragma [01;35m[Konce[m[K
      |         [01;35m[K^~~~[m[K
[ 92%] [32mBuilding CXX object CMakeFiles/rplidarNode.dir/sdk/src/sl_udp_channel.cpp.o[0m
[01m[K/home/ltoschi/Documents/robovisor/catkin_ws/src/rplidar_ros/sdk/src/sl_udp_channel.cpp:33:9:[m[K [01;35m[Kwarning: [m[K#pragma once in main file
   33 | #pragma [01;35m[Konce[m[K
      |         [01;35m[K^~~~[m[K
[100%] [32m[1mLinking CXX executable /home/ltoschi/Documents/robovisor/catkin_ws/devel/.private/rplidar_ros/lib/rplidar_ros/rplidarNode[0m
[100%] Built target rplidarNode
