[35m[1mScanning dependencies of target geometry_msgs_generate_messages_nodejs[0m
[  0%] Built target geometry_msgs_generate_messages_nodejs
[35m[1mScanning dependencies of target _hector_mapping_generate_messages_check_deps_ResetMapping[0m
[  0%] Built target _hector_mapping_generate_messages_check_deps_ResetMapping
[35m[1mScanning dependencies of target _hector_mapping_generate_messages_check_deps_HectorDebugInfo[0m
[  0%] Built target _hector_mapping_generate_messages_check_deps_HectorDebugInfo
[35m[1mScanning dependencies of target _hector_mapping_generate_messages_check_deps_HectorIterData[0m
[  0%] Built target _hector_mapping_generate_messages_check_deps_HectorIterData
[35m[1mScanning dependencies of target geometry_msgs_generate_messages_lisp[0m
[  0%] Built target geometry_msgs_generate_messages_lisp
[35m[1mScanning dependencies of target geometry_msgs_generate_messages_cpp[0m
[  0%] Built target geometry_msgs_generate_messages_cpp
[35m[1mScanning dependencies of target geometry_msgs_generate_messages_eus[0m
[  0%] Built target geometry_msgs_generate_messages_eus
[35m[1mScanning dependencies of target geometry_msgs_generate_messages_py[0m
[  0%] Built target geometry_msgs_generate_messages_py
[35m[1mScanning dependencies of target hector_mapping_generate_messages_nodejs[0m
[  4%] [34m[1mGenerating Javascript code from hector_mapping/HectorDebugInfo.msg[0m
[  9%] [34m[1mGenerating Javascript code from hector_mapping/HectorIterData.msg[0m
[ 13%] [34m[1mGenerating Javascript code from hector_mapping/ResetMapping.srv[0m
[ 13%] Built target hector_mapping_generate_messages_nodejs
[35m[1mScanning dependencies of target hector_mapping_generate_messages_lisp[0m
[ 18%] [34m[1mGenerating Lisp code from hector_mapping/HectorDebugInfo.msg[0m
[ 22%] [34m[1mGenerating Lisp code from hector_mapping/HectorIterData.msg[0m
[ 27%] [34m[1mGenerating Lisp code from hector_mapping/ResetMapping.srv[0m
[ 27%] Built target hector_mapping_generate_messages_lisp
[35m[1mScanning dependencies of target hector_mapping_generate_messages_cpp[0m
[ 31%] [34m[1mGenerating C++ code from hector_mapping/HectorDebugInfo.msg[0m
[ 36%] [34m[1mGenerating C++ code from hector_mapping/HectorIterData.msg[0m
[ 40%] [34m[1mGenerating C++ code from hector_mapping/ResetMapping.srv[0m
[ 40%] Built target hector_mapping_generate_messages_cpp
[35m[1mScanning dependencies of target hector_mapping_generate_messages_eus[0m
[ 45%] [34m[1mGenerating EusLisp code from hector_mapping/HectorDebugInfo.msg[0m
[ 50%] [34m[1mGenerating EusLisp code from hector_mapping/HectorIterData.msg[0m
[35m[1mScanning dependencies of target hector_mapping_generate_messages_py[0m
[ 54%] [34m[1mGenerating Python from MSG hector_mapping/HectorDebugInfo[0m
[ 59%] [34m[1mGenerating EusLisp code from hector_mapping/ResetMapping.srv[0m
[ 63%] [34m[1mGenerating EusLisp manifest code for hector_mapping[0m
[ 68%] [34m[1mGenerating Python from MSG hector_mapping/HectorIterData[0m
[ 72%] [34m[1mGenerating Python code from SRV hector_mapping/ResetMapping[0m
[ 77%] [34m[1mGenerating Python msg __init__.py for hector_mapping[0m
[ 77%] Built target hector_mapping_generate_messages_eus
[35m[1mScanning dependencies of target hector_mapping[0m
[ 81%] [32mBuilding CXX object CMakeFiles/hector_mapping.dir/src/HectorMappingRos.cpp.o[0m
[ 86%] [34m[1mGenerating Python srv __init__.py for hector_mapping[0m
[ 90%] [32mBuilding CXX object CMakeFiles/hector_mapping.dir/src/main.cpp.o[0m
[ 90%] Built target hector_mapping_generate_messages_py
[ 95%] [32mBuilding CXX object CMakeFiles/hector_mapping.dir/src/PoseInfoContainer.cpp.o[0m
[35m[1mScanning dependencies of target hector_mapping_generate_messages[0m
[ 95%] Built target hector_mapping_generate_messages
[100%] [32m[1mLinking CXX executable /home/ltoschi/Documents/robovisor/catkin_ws/devel/.private/hector_mapping/lib/hector_mapping/hector_mapping[0m
[100%] Built target hector_mapping
