[35m[1mScanning dependencies of target _map_msgs_generate_messages_check_deps_SaveMap[0m
[  0%] Built target _map_msgs_generate_messages_check_deps_SaveMap
[35m[1mScanning dependencies of target _map_msgs_generate_messages_check_deps_ProjectedMapsInfo[0m
[  0%] Built target _map_msgs_generate_messages_check_deps_ProjectedMapsInfo
[35m[1mScanning dependencies of target _map_msgs_generate_messages_check_deps_GetPointMap[0m
[  0%] Built target _map_msgs_generate_messages_check_deps_GetPointMap
[35m[1mScanning dependencies of target _map_msgs_generate_messages_check_deps_GetMapROI[0m
[  0%] Built target _map_msgs_generate_messages_check_deps_GetMapROI
[35m[1mScanning dependencies of target _map_msgs_generate_messages_check_deps_ProjectedMap[0m
[  0%] Built target _map_msgs_generate_messages_check_deps_ProjectedMap
[35m[1mScanning dependencies of target _map_msgs_generate_messages_check_deps_ProjectedMapInfo[0m
[  0%] Built target _map_msgs_generate_messages_check_deps_ProjectedMapInfo
[35m[1mScanning dependencies of target _map_msgs_generate_messages_check_deps_OccupancyGridUpdate[0m
[  0%] Built target _map_msgs_generate_messages_check_deps_OccupancyGridUpdate
[35m[1mScanning dependencies of target _map_msgs_generate_messages_check_deps_PointCloud2Update[0m
[35m[1mScanning dependencies of target nav_msgs_generate_messages_lisp[0m
[  0%] Built target nav_msgs_generate_messages_lisp
[  0%] Built target _map_msgs_generate_messages_check_deps_PointCloud2Update
[35m[1mScanning dependencies of target sensor_msgs_generate_messages_lisp[0m
[  0%] Built target sensor_msgs_generate_messages_lisp
[35m[1mScanning dependencies of target std_msgs_generate_messages_lisp[0m
[  0%] Built target std_msgs_generate_messages_lisp
[35m[1mScanning dependencies of target _map_msgs_generate_messages_check_deps_GetPointMapROI[0m
[  0%] Built target _map_msgs_generate_messages_check_deps_GetPointMapROI
[35m[1mScanning dependencies of target _map_msgs_generate_messages_check_deps_SetMapProjections[0m
[  0%] Built target _map_msgs_generate_messages_check_deps_SetMapProjections
[35m[1mScanning dependencies of target std_msgs_generate_messages_py[0m
[  0%] Built target std_msgs_generate_messages_py
[35m[1mScanning dependencies of target sensor_msgs_generate_messages_py[0m
[  0%] Built target sensor_msgs_generate_messages_py
[35m[1mScanning dependencies of target nav_msgs_generate_messages_py[0m
[  0%] Built target nav_msgs_generate_messages_py
[35m[1mScanning dependencies of target sensor_msgs_generate_messages_eus[0m
[  0%] Built target sensor_msgs_generate_messages_eus
[35m[1mScanning dependencies of target std_msgs_generate_messages_eus[0m
[  0%] Built target std_msgs_generate_messages_eus
[35m[1mScanning dependencies of target nav_msgs_generate_messages_eus[0m
[  0%] Built target nav_msgs_generate_messages_eus
[35m[1mScanning dependencies of target sensor_msgs_generate_messages_nodejs[0m
[  0%] Built target sensor_msgs_generate_messages_nodejs
[35m[1mScanning dependencies of target nav_msgs_generate_messages_nodejs[0m
[  0%] Built target nav_msgs_generate_messages_nodejs
[35m[1mScanning dependencies of target std_msgs_generate_messages_nodejs[0m
[  0%] Built target std_msgs_generate_messages_nodejs
[35m[1mScanning dependencies of target sensor_msgs_generate_messages_cpp[0m
[  0%] Built target sensor_msgs_generate_messages_cpp
[35m[1mScanning dependencies of target nav_msgs_generate_messages_cpp[0m
[  0%] Built target nav_msgs_generate_messages_cpp
[35m[1mScanning dependencies of target std_msgs_generate_messages_cpp[0m
[  0%] Built target std_msgs_generate_messages_cpp
[35m[1mScanning dependencies of target map_msgs_generate_messages_lisp[0m
[  1%] [34m[1mGenerating Lisp code from map_msgs/OccupancyGridUpdate.msg[0m
[  3%] [34m[1mGenerating Lisp code from map_msgs/PointCloud2Update.msg[0m
[  5%] [34m[1mGenerating Lisp code from map_msgs/ProjectedMapInfo.msg[0m
[  7%] [34m[1mGenerating Lisp code from map_msgs/ProjectedMap.msg[0m
[  9%] [34m[1mGenerating Lisp code from map_msgs/GetMapROI.srv[0m
[ 11%] [34m[1mGenerating Lisp code from map_msgs/GetPointMapROI.srv[0m
[ 13%] [34m[1mGenerating Lisp code from map_msgs/GetPointMap.srv[0m
[ 15%] [34m[1mGenerating Lisp code from map_msgs/ProjectedMapsInfo.srv[0m
[ 16%] [34m[1mGenerating Lisp code from map_msgs/SaveMap.srv[0m
[ 18%] [34m[1mGenerating Lisp code from map_msgs/SetMapProjections.srv[0m
[ 18%] Built target map_msgs_generate_messages_lisp
[35m[1mScanning dependencies of target map_msgs_generate_messages_py[0m
[ 20%] [34m[1mGenerating Python from MSG map_msgs/OccupancyGridUpdate[0m
[ 22%] [34m[1mGenerating Python from MSG map_msgs/PointCloud2Update[0m
[ 24%] [34m[1mGenerating Python from MSG map_msgs/ProjectedMapInfo[0m
[ 26%] [34m[1mGenerating Python from MSG map_msgs/ProjectedMap[0m
[ 28%] [34m[1mGenerating Python code from SRV map_msgs/GetMapROI[0m
[ 30%] [34m[1mGenerating Python code from SRV map_msgs/GetPointMapROI[0m
[ 32%] [34m[1mGenerating Python code from SRV map_msgs/GetPointMap[0m
[ 33%] [34m[1mGenerating Python code from SRV map_msgs/ProjectedMapsInfo[0m
[ 35%] [34m[1mGenerating Python code from SRV map_msgs/SaveMap[0m
[ 37%] [34m[1mGenerating Python code from SRV map_msgs/SetMapProjections[0m
[ 39%] [34m[1mGenerating Python msg __init__.py for map_msgs[0m
[ 41%] [34m[1mGenerating Python srv __init__.py for map_msgs[0m
[ 41%] Built target map_msgs_generate_messages_py
[35m[1mScanning dependencies of target map_msgs_generate_messages_eus[0m
[ 43%] [34m[1mGenerating EusLisp code from map_msgs/OccupancyGridUpdate.msg[0m
[ 45%] [34m[1mGenerating EusLisp code from map_msgs/PointCloud2Update.msg[0m
[ 47%] [34m[1mGenerating EusLisp code from map_msgs/ProjectedMapInfo.msg[0m
[ 49%] [34m[1mGenerating EusLisp code from map_msgs/ProjectedMap.msg[0m
[ 50%] [34m[1mGenerating EusLisp code from map_msgs/GetMapROI.srv[0m
[ 52%] [34m[1mGenerating EusLisp code from map_msgs/GetPointMapROI.srv[0m
[ 54%] [34m[1mGenerating EusLisp code from map_msgs/GetPointMap.srv[0m
[ 56%] [34m[1mGenerating EusLisp code from map_msgs/ProjectedMapsInfo.srv[0m
[ 58%] [34m[1mGenerating EusLisp code from map_msgs/SaveMap.srv[0m
[ 60%] [34m[1mGenerating EusLisp code from map_msgs/SetMapProjections.srv[0m
[ 62%] [34m[1mGenerating EusLisp manifest code for map_msgs[0m
[ 62%] Built target map_msgs_generate_messages_eus
[35m[1mScanning dependencies of target map_msgs_generate_messages_nodejs[0m
[ 64%] [34m[1mGenerating Javascript code from map_msgs/OccupancyGridUpdate.msg[0m
[ 66%] [34m[1mGenerating Javascript code from map_msgs/PointCloud2Update.msg[0m
[ 67%] [34m[1mGenerating Javascript code from map_msgs/ProjectedMapInfo.msg[0m
[ 69%] [34m[1mGenerating Javascript code from map_msgs/ProjectedMap.msg[0m
[ 71%] [34m[1mGenerating Javascript code from map_msgs/GetMapROI.srv[0m
[ 73%] [34m[1mGenerating Javascript code from map_msgs/GetPointMapROI.srv[0m
[35m[1mScanning dependencies of target map_msgs_generate_messages_cpp[0m
[ 75%] [34m[1mGenerating Javascript code from map_msgs/GetPointMap.srv[0m
[ 77%] [34m[1mGenerating Javascript code from map_msgs/ProjectedMapsInfo.srv[0m
[ 79%] [34m[1mGenerating C++ code from map_msgs/OccupancyGridUpdate.msg[0m
[ 81%] [34m[1mGenerating Javascript code from map_msgs/SaveMap.srv[0m
[ 83%] [34m[1mGenerating Javascript code from map_msgs/SetMapProjections.srv[0m
[ 84%] [34m[1mGenerating C++ code from map_msgs/PointCloud2Update.msg[0m
[ 86%] [34m[1mGenerating C++ code from map_msgs/ProjectedMapInfo.msg[0m
[ 86%] Built target map_msgs_generate_messages_nodejs
[ 88%] [34m[1mGenerating C++ code from map_msgs/ProjectedMap.msg[0m
[ 90%] [34m[1mGenerating C++ code from map_msgs/GetMapROI.srv[0m
[ 92%] [34m[1mGenerating C++ code from map_msgs/GetPointMapROI.srv[0m
[ 94%] [34m[1mGenerating C++ code from map_msgs/GetPointMap.srv[0m
[ 96%] [34m[1mGenerating C++ code from map_msgs/ProjectedMapsInfo.srv[0m
[ 98%] [34m[1mGenerating C++ code from map_msgs/SaveMap.srv[0m
[100%] [34m[1mGenerating C++ code from map_msgs/SetMapProjections.srv[0m
[100%] Built target map_msgs_generate_messages_cpp
[35m[1mScanning dependencies of target map_msgs_generate_messages[0m
[100%] Built target map_msgs_generate_messages
