Linked: (/home/ltoschi/Documents/robovisor/catkin_ws/devel/.private/map_msgs/include/map_msgs/GetPointMapResponse.h, /home/ltoschi/Documents/robovisor/catkin_ws/devel/include/map_msgs/GetPointMapResponse.h)
Linked: (/home/ltoschi/Documents/robovisor/catkin_ws/devel/.private/map_msgs/include/map_msgs/ProjectedMapsInfoResponse.h, /home/ltoschi/Documents/robovisor/catkin_ws/devel/include/map_msgs/ProjectedMapsInfoResponse.h)
Linked: (/home/ltoschi/Documents/robovisor/catkin_ws/devel/.private/map_msgs/include/map_msgs/GetMapROIResponse.h, /home/ltoschi/Documents/robovisor/catkin_ws/devel/include/map_msgs/GetMapROIResponse.h)
Linked: (/home/ltoschi/Documents/robovisor/catkin_ws/devel/.private/map_msgs/include/map_msgs/GetPointMapROI.h, /home/ltoschi/Documents/robovisor/catkin_ws/devel/include/map_msgs/GetPointMapROI.h)
Linked: (/home/ltoschi/Documents/robovisor/catkin_ws/devel/.private/map_msgs/include/map_msgs/SaveMapRequest.h, /home/ltoschi/Documents/robovisor/catkin_ws/devel/include/map_msgs/SaveMapRequest.h)
Linked: (/home/ltoschi/Documents/robovisor/catkin_ws/devel/.private/map_msgs/include/map_msgs/GetPointMapROIResponse.h, /home/ltoschi/Documents/robovisor/catkin_ws/devel/include/map_msgs/GetPointMapROIResponse.h)
Linked: (/home/ltoschi/Documents/robovisor/catkin_ws/devel/.private/map_msgs/include/map_msgs/GetMapROI.h, /home/ltoschi/Documents/robovisor/catkin_ws/devel/include/map_msgs/GetMapROI.h)
Linked: (/home/ltoschi/Documents/robovisor/catkin_ws/devel/.private/map_msgs/include/map_msgs/SetMapProjectionsResponse.h, /home/ltoschi/Documents/robovisor/catkin_ws/devel/include/map_msgs/SetMapProjectionsResponse.h)
Linked: (/home/ltoschi/Documents/robovisor/catkin_ws/devel/.private/map_msgs/include/map_msgs/OccupancyGridUpdate.h, /home/ltoschi/Documents/robovisor/catkin_ws/devel/include/map_msgs/OccupancyGridUpdate.h)
Linked: (/home/ltoschi/Documents/robovisor/catkin_ws/devel/.private/map_msgs/include/map_msgs/GetPointMapRequest.h, /home/ltoschi/Documents/robovisor/catkin_ws/devel/include/map_msgs/GetPointMapRequest.h)
Linked: (/home/ltoschi/Documents/robovisor/catkin_ws/devel/.private/map_msgs/include/map_msgs/SetMapProjections.h, /home/ltoschi/Documents/robovisor/catkin_ws/devel/include/map_msgs/SetMapProjections.h)
Linked: (/home/ltoschi/Documents/robovisor/catkin_ws/devel/.private/map_msgs/include/map_msgs/ProjectedMapInfo.h, /home/ltoschi/Documents/robovisor/catkin_ws/devel/include/map_msgs/ProjectedMapInfo.h)
Linked: (/home/ltoschi/Documents/robovisor/catkin_ws/devel/.private/map_msgs/include/map_msgs/SaveMap.h, /home/ltoschi/Documents/robovisor/catkin_ws/devel/include/map_msgs/SaveMap.h)
Linked: (/home/ltoschi/Documents/robovisor/catkin_ws/devel/.private/map_msgs/include/map_msgs/ProjectedMapsInfo.h, /home/ltoschi/Documents/robovisor/catkin_ws/devel/include/map_msgs/ProjectedMapsInfo.h)
Linked: (/home/ltoschi/Documents/robovisor/catkin_ws/devel/.private/map_msgs/include/map_msgs/SetMapProjectionsRequest.h, /home/ltoschi/Documents/robovisor/catkin_ws/devel/include/map_msgs/SetMapProjectionsRequest.h)
Linked: (/home/ltoschi/Documents/robovisor/catkin_ws/devel/.private/map_msgs/include/map_msgs/SaveMapResponse.h, /home/ltoschi/Documents/robovisor/catkin_ws/devel/include/map_msgs/SaveMapResponse.h)
Linked: (/home/ltoschi/Documents/robovisor/catkin_ws/devel/.private/map_msgs/include/map_msgs/ProjectedMap.h, /home/ltoschi/Documents/robovisor/catkin_ws/devel/include/map_msgs/ProjectedMap.h)
Linked: (/home/ltoschi/Documents/robovisor/catkin_ws/devel/.private/map_msgs/include/map_msgs/PointCloud2Update.h, /home/ltoschi/Documents/robovisor/catkin_ws/devel/include/map_msgs/PointCloud2Update.h)
Linked: (/home/ltoschi/Documents/robovisor/catkin_ws/devel/.private/map_msgs/include/map_msgs/GetPointMap.h, /home/ltoschi/Documents/robovisor/catkin_ws/devel/include/map_msgs/GetPointMap.h)
Linked: (/home/ltoschi/Documents/robovisor/catkin_ws/devel/.private/map_msgs/include/map_msgs/GetPointMapROIRequest.h, /home/ltoschi/Documents/robovisor/catkin_ws/devel/include/map_msgs/GetPointMapROIRequest.h)
Linked: (/home/ltoschi/Documents/robovisor/catkin_ws/devel/.private/map_msgs/include/map_msgs/GetMapROIRequest.h, /home/ltoschi/Documents/robovisor/catkin_ws/devel/include/map_msgs/GetMapROIRequest.h)
Linked: (/home/ltoschi/Documents/robovisor/catkin_ws/devel/.private/map_msgs/include/map_msgs/ProjectedMapsInfoRequest.h, /home/ltoschi/Documents/robovisor/catkin_ws/devel/include/map_msgs/ProjectedMapsInfoRequest.h)
Linked: (/home/ltoschi/Documents/robovisor/catkin_ws/devel/.private/map_msgs/lib/pkgconfig/map_msgs.pc, /home/ltoschi/Documents/robovisor/catkin_ws/devel/lib/pkgconfig/map_msgs.pc)
Linked: (/home/ltoschi/Documents/robovisor/catkin_ws/devel/.private/map_msgs/lib/python3/dist-packages/map_msgs/__init__.py, /home/ltoschi/Documents/robovisor/catkin_ws/devel/lib/python3/dist-packages/map_msgs/__init__.py)
Linked: (/home/ltoschi/Documents/robovisor/catkin_ws/devel/.private/map_msgs/lib/python3/dist-packages/map_msgs/srv/_GetPointMapROI.py, /home/ltoschi/Documents/robovisor/catkin_ws/devel/lib/python3/dist-packages/map_msgs/srv/_GetPointMapROI.py)
Linked: (/home/ltoschi/Documents/robovisor/catkin_ws/devel/.private/map_msgs/lib/python3/dist-packages/map_msgs/srv/_GetPointMap.py, /home/ltoschi/Documents/robovisor/catkin_ws/devel/lib/python3/dist-packages/map_msgs/srv/_GetPointMap.py)
Linked: (/home/ltoschi/Documents/robovisor/catkin_ws/devel/.private/map_msgs/lib/python3/dist-packages/map_msgs/srv/__init__.py, /home/ltoschi/Documents/robovisor/catkin_ws/devel/lib/python3/dist-packages/map_msgs/srv/__init__.py)
Linked: (/home/ltoschi/Documents/robovisor/catkin_ws/devel/.private/map_msgs/lib/python3/dist-packages/map_msgs/srv/_SaveMap.py, /home/ltoschi/Documents/robovisor/catkin_ws/devel/lib/python3/dist-packages/map_msgs/srv/_SaveMap.py)
Linked: (/home/ltoschi/Documents/robovisor/catkin_ws/devel/.private/map_msgs/lib/python3/dist-packages/map_msgs/srv/_SetMapProjections.py, /home/ltoschi/Documents/robovisor/catkin_ws/devel/lib/python3/dist-packages/map_msgs/srv/_SetMapProjections.py)
Linked: (/home/ltoschi/Documents/robovisor/catkin_ws/devel/.private/map_msgs/lib/python3/dist-packages/map_msgs/srv/_GetMapROI.py, /home/ltoschi/Documents/robovisor/catkin_ws/devel/lib/python3/dist-packages/map_msgs/srv/_GetMapROI.py)
Linked: (/home/ltoschi/Documents/robovisor/catkin_ws/devel/.private/map_msgs/lib/python3/dist-packages/map_msgs/srv/_ProjectedMapsInfo.py, /home/ltoschi/Documents/robovisor/catkin_ws/devel/lib/python3/dist-packages/map_msgs/srv/_ProjectedMapsInfo.py)
Linked: (/home/ltoschi/Documents/robovisor/catkin_ws/devel/.private/map_msgs/lib/python3/dist-packages/map_msgs/msg/__init__.py, /home/ltoschi/Documents/robovisor/catkin_ws/devel/lib/python3/dist-packages/map_msgs/msg/__init__.py)
Linked: (/home/ltoschi/Documents/robovisor/catkin_ws/devel/.private/map_msgs/lib/python3/dist-packages/map_msgs/msg/_ProjectedMapInfo.py, /home/ltoschi/Documents/robovisor/catkin_ws/devel/lib/python3/dist-packages/map_msgs/msg/_ProjectedMapInfo.py)
Linked: (/home/ltoschi/Documents/robovisor/catkin_ws/devel/.private/map_msgs/lib/python3/dist-packages/map_msgs/msg/_PointCloud2Update.py, /home/ltoschi/Documents/robovisor/catkin_ws/devel/lib/python3/dist-packages/map_msgs/msg/_PointCloud2Update.py)
Linked: (/home/ltoschi/Documents/robovisor/catkin_ws/devel/.private/map_msgs/lib/python3/dist-packages/map_msgs/msg/_OccupancyGridUpdate.py, /home/ltoschi/Documents/robovisor/catkin_ws/devel/lib/python3/dist-packages/map_msgs/msg/_OccupancyGridUpdate.py)
Linked: (/home/ltoschi/Documents/robovisor/catkin_ws/devel/.private/map_msgs/lib/python3/dist-packages/map_msgs/msg/_ProjectedMap.py, /home/ltoschi/Documents/robovisor/catkin_ws/devel/lib/python3/dist-packages/map_msgs/msg/_ProjectedMap.py)
Linked: (/home/ltoschi/Documents/robovisor/catkin_ws/devel/.private/map_msgs/share/map_msgs/cmake/map_msgsConfig.cmake, /home/ltoschi/Documents/robovisor/catkin_ws/devel/share/map_msgs/cmake/map_msgsConfig.cmake)
Linked: (/home/ltoschi/Documents/robovisor/catkin_ws/devel/.private/map_msgs/share/map_msgs/cmake/map_msgsConfig-version.cmake, /home/ltoschi/Documents/robovisor/catkin_ws/devel/share/map_msgs/cmake/map_msgsConfig-version.cmake)
Linked: (/home/ltoschi/Documents/robovisor/catkin_ws/devel/.private/map_msgs/share/map_msgs/cmake/map_msgs-msg-extras.cmake, /home/ltoschi/Documents/robovisor/catkin_ws/devel/share/map_msgs/cmake/map_msgs-msg-extras.cmake)
Linked: (/home/ltoschi/Documents/robovisor/catkin_ws/devel/.private/map_msgs/share/map_msgs/cmake/map_msgs-msg-paths.cmake, /home/ltoschi/Documents/robovisor/catkin_ws/devel/share/map_msgs/cmake/map_msgs-msg-paths.cmake)
Linked: (/home/ltoschi/Documents/robovisor/catkin_ws/devel/.private/map_msgs/share/roseus/ros/map_msgs/manifest.l, /home/ltoschi/Documents/robovisor/catkin_ws/devel/share/roseus/ros/map_msgs/manifest.l)
Linked: (/home/ltoschi/Documents/robovisor/catkin_ws/devel/.private/map_msgs/share/roseus/ros/map_msgs/srv/ProjectedMapsInfo.l, /home/ltoschi/Documents/robovisor/catkin_ws/devel/share/roseus/ros/map_msgs/srv/ProjectedMapsInfo.l)
Linked: (/home/ltoschi/Documents/robovisor/catkin_ws/devel/.private/map_msgs/share/roseus/ros/map_msgs/srv/GetPointMapROI.l, /home/ltoschi/Documents/robovisor/catkin_ws/devel/share/roseus/ros/map_msgs/srv/GetPointMapROI.l)
Linked: (/home/ltoschi/Documents/robovisor/catkin_ws/devel/.private/map_msgs/share/roseus/ros/map_msgs/srv/SetMapProjections.l, /home/ltoschi/Documents/robovisor/catkin_ws/devel/share/roseus/ros/map_msgs/srv/SetMapProjections.l)
Linked: (/home/ltoschi/Documents/robovisor/catkin_ws/devel/.private/map_msgs/share/roseus/ros/map_msgs/srv/SaveMap.l, /home/ltoschi/Documents/robovisor/catkin_ws/devel/share/roseus/ros/map_msgs/srv/SaveMap.l)
Linked: (/home/ltoschi/Documents/robovisor/catkin_ws/devel/.private/map_msgs/share/roseus/ros/map_msgs/srv/GetPointMap.l, /home/ltoschi/Documents/robovisor/catkin_ws/devel/share/roseus/ros/map_msgs/srv/GetPointMap.l)
Linked: (/home/ltoschi/Documents/robovisor/catkin_ws/devel/.private/map_msgs/share/roseus/ros/map_msgs/srv/GetMapROI.l, /home/ltoschi/Documents/robovisor/catkin_ws/devel/share/roseus/ros/map_msgs/srv/GetMapROI.l)
Linked: (/home/ltoschi/Documents/robovisor/catkin_ws/devel/.private/map_msgs/share/roseus/ros/map_msgs/msg/PointCloud2Update.l, /home/ltoschi/Documents/robovisor/catkin_ws/devel/share/roseus/ros/map_msgs/msg/PointCloud2Update.l)
Linked: (/home/ltoschi/Documents/robovisor/catkin_ws/devel/.private/map_msgs/share/roseus/ros/map_msgs/msg/ProjectedMapInfo.l, /home/ltoschi/Documents/robovisor/catkin_ws/devel/share/roseus/ros/map_msgs/msg/ProjectedMapInfo.l)
Linked: (/home/ltoschi/Documents/robovisor/catkin_ws/devel/.private/map_msgs/share/roseus/ros/map_msgs/msg/OccupancyGridUpdate.l, /home/ltoschi/Documents/robovisor/catkin_ws/devel/share/roseus/ros/map_msgs/msg/OccupancyGridUpdate.l)
Linked: (/home/ltoschi/Documents/robovisor/catkin_ws/devel/.private/map_msgs/share/roseus/ros/map_msgs/msg/ProjectedMap.l, /home/ltoschi/Documents/robovisor/catkin_ws/devel/share/roseus/ros/map_msgs/msg/ProjectedMap.l)
Linked: (/home/ltoschi/Documents/robovisor/catkin_ws/devel/.private/map_msgs/share/gennodejs/ros/map_msgs/_index.js, /home/ltoschi/Documents/robovisor/catkin_ws/devel/share/gennodejs/ros/map_msgs/_index.js)
Linked: (/home/ltoschi/Documents/robovisor/catkin_ws/devel/.private/map_msgs/share/gennodejs/ros/map_msgs/srv/GetMapROI.js, /home/ltoschi/Documents/robovisor/catkin_ws/devel/share/gennodejs/ros/map_msgs/srv/GetMapROI.js)
Linked: (/home/ltoschi/Documents/robovisor/catkin_ws/devel/.private/map_msgs/share/gennodejs/ros/map_msgs/srv/_index.js, /home/ltoschi/Documents/robovisor/catkin_ws/devel/share/gennodejs/ros/map_msgs/srv/_index.js)
Linked: (/home/ltoschi/Documents/robovisor/catkin_ws/devel/.private/map_msgs/share/gennodejs/ros/map_msgs/srv/SaveMap.js, /home/ltoschi/Documents/robovisor/catkin_ws/devel/share/gennodejs/ros/map_msgs/srv/SaveMap.js)
Linked: (/home/ltoschi/Documents/robovisor/catkin_ws/devel/.private/map_msgs/share/gennodejs/ros/map_msgs/srv/GetPointMapROI.js, /home/ltoschi/Documents/robovisor/catkin_ws/devel/share/gennodejs/ros/map_msgs/srv/GetPointMapROI.js)
Linked: (/home/ltoschi/Documents/robovisor/catkin_ws/devel/.private/map_msgs/share/gennodejs/ros/map_msgs/srv/ProjectedMapsInfo.js, /home/ltoschi/Documents/robovisor/catkin_ws/devel/share/gennodejs/ros/map_msgs/srv/ProjectedMapsInfo.js)
Linked: (/home/ltoschi/Documents/robovisor/catkin_ws/devel/.private/map_msgs/share/gennodejs/ros/map_msgs/srv/GetPointMap.js, /home/ltoschi/Documents/robovisor/catkin_ws/devel/share/gennodejs/ros/map_msgs/srv/GetPointMap.js)
Linked: (/home/ltoschi/Documents/robovisor/catkin_ws/devel/.private/map_msgs/share/gennodejs/ros/map_msgs/srv/SetMapProjections.js, /home/ltoschi/Documents/robovisor/catkin_ws/devel/share/gennodejs/ros/map_msgs/srv/SetMapProjections.js)
Linked: (/home/ltoschi/Documents/robovisor/catkin_ws/devel/.private/map_msgs/share/gennodejs/ros/map_msgs/msg/ProjectedMapInfo.js, /home/ltoschi/Documents/robovisor/catkin_ws/devel/share/gennodejs/ros/map_msgs/msg/ProjectedMapInfo.js)
Linked: (/home/ltoschi/Documents/robovisor/catkin_ws/devel/.private/map_msgs/share/gennodejs/ros/map_msgs/msg/_index.js, /home/ltoschi/Documents/robovisor/catkin_ws/devel/share/gennodejs/ros/map_msgs/msg/_index.js)
Linked: (/home/ltoschi/Documents/robovisor/catkin_ws/devel/.private/map_msgs/share/gennodejs/ros/map_msgs/msg/PointCloud2Update.js, /home/ltoschi/Documents/robovisor/catkin_ws/devel/share/gennodejs/ros/map_msgs/msg/PointCloud2Update.js)
Linked: (/home/ltoschi/Documents/robovisor/catkin_ws/devel/.private/map_msgs/share/gennodejs/ros/map_msgs/msg/OccupancyGridUpdate.js, /home/ltoschi/Documents/robovisor/catkin_ws/devel/share/gennodejs/ros/map_msgs/msg/OccupancyGridUpdate.js)
Linked: (/home/ltoschi/Documents/robovisor/catkin_ws/devel/.private/map_msgs/share/gennodejs/ros/map_msgs/msg/ProjectedMap.js, /home/ltoschi/Documents/robovisor/catkin_ws/devel/share/gennodejs/ros/map_msgs/msg/ProjectedMap.js)
Linked: (/home/ltoschi/Documents/robovisor/catkin_ws/devel/.private/map_msgs/share/common-lisp/ros/map_msgs/srv/_package_SetMapProjections.lisp, /home/ltoschi/Documents/robovisor/catkin_ws/devel/share/common-lisp/ros/map_msgs/srv/_package_SetMapProjections.lisp)
Linked: (/home/ltoschi/Documents/robovisor/catkin_ws/devel/.private/map_msgs/share/common-lisp/ros/map_msgs/srv/map_msgs-srv.asd, /home/ltoschi/Documents/robovisor/catkin_ws/devel/share/common-lisp/ros/map_msgs/srv/map_msgs-srv.asd)
Linked: (/home/ltoschi/Documents/robovisor/catkin_ws/devel/.private/map_msgs/share/common-lisp/ros/map_msgs/srv/SaveMap.lisp, /home/ltoschi/Documents/robovisor/catkin_ws/devel/share/common-lisp/ros/map_msgs/srv/SaveMap.lisp)
Linked: (/home/ltoschi/Documents/robovisor/catkin_ws/devel/.private/map_msgs/share/common-lisp/ros/map_msgs/srv/SetMapProjections.lisp, /home/ltoschi/Documents/robovisor/catkin_ws/devel/share/common-lisp/ros/map_msgs/srv/SetMapProjections.lisp)
Linked: (/home/ltoschi/Documents/robovisor/catkin_ws/devel/.private/map_msgs/share/common-lisp/ros/map_msgs/srv/ProjectedMapsInfo.lisp, /home/ltoschi/Documents/robovisor/catkin_ws/devel/share/common-lisp/ros/map_msgs/srv/ProjectedMapsInfo.lisp)
Linked: (/home/ltoschi/Documents/robovisor/catkin_ws/devel/.private/map_msgs/share/common-lisp/ros/map_msgs/srv/GetPointMap.lisp, /home/ltoschi/Documents/robovisor/catkin_ws/devel/share/common-lisp/ros/map_msgs/srv/GetPointMap.lisp)
Linked: (/home/ltoschi/Documents/robovisor/catkin_ws/devel/.private/map_msgs/share/common-lisp/ros/map_msgs/srv/_package_GetPointMap.lisp, /home/ltoschi/Documents/robovisor/catkin_ws/devel/share/common-lisp/ros/map_msgs/srv/_package_GetPointMap.lisp)
Linked: (/home/ltoschi/Documents/robovisor/catkin_ws/devel/.private/map_msgs/share/common-lisp/ros/map_msgs/srv/_package_GetPointMapROI.lisp, /home/ltoschi/Documents/robovisor/catkin_ws/devel/share/common-lisp/ros/map_msgs/srv/_package_GetPointMapROI.lisp)
Linked: (/home/ltoschi/Documents/robovisor/catkin_ws/devel/.private/map_msgs/share/common-lisp/ros/map_msgs/srv/_package_GetMapROI.lisp, /home/ltoschi/Documents/robovisor/catkin_ws/devel/share/common-lisp/ros/map_msgs/srv/_package_GetMapROI.lisp)
Linked: (/home/ltoschi/Documents/robovisor/catkin_ws/devel/.private/map_msgs/share/common-lisp/ros/map_msgs/srv/GetMapROI.lisp, /home/ltoschi/Documents/robovisor/catkin_ws/devel/share/common-lisp/ros/map_msgs/srv/GetMapROI.lisp)
Linked: (/home/ltoschi/Documents/robovisor/catkin_ws/devel/.private/map_msgs/share/common-lisp/ros/map_msgs/srv/_package_ProjectedMapsInfo.lisp, /home/ltoschi/Documents/robovisor/catkin_ws/devel/share/common-lisp/ros/map_msgs/srv/_package_ProjectedMapsInfo.lisp)
Linked: (/home/ltoschi/Documents/robovisor/catkin_ws/devel/.private/map_msgs/share/common-lisp/ros/map_msgs/srv/_package_SaveMap.lisp, /home/ltoschi/Documents/robovisor/catkin_ws/devel/share/common-lisp/ros/map_msgs/srv/_package_SaveMap.lisp)
Linked: (/home/ltoschi/Documents/robovisor/catkin_ws/devel/.private/map_msgs/share/common-lisp/ros/map_msgs/srv/GetPointMapROI.lisp, /home/ltoschi/Documents/robovisor/catkin_ws/devel/share/common-lisp/ros/map_msgs/srv/GetPointMapROI.lisp)
Linked: (/home/ltoschi/Documents/robovisor/catkin_ws/devel/.private/map_msgs/share/common-lisp/ros/map_msgs/srv/_package.lisp, /home/ltoschi/Documents/robovisor/catkin_ws/devel/share/common-lisp/ros/map_msgs/srv/_package.lisp)
Linked: (/home/ltoschi/Documents/robovisor/catkin_ws/devel/.private/map_msgs/share/common-lisp/ros/map_msgs/msg/_package_PointCloud2Update.lisp, /home/ltoschi/Documents/robovisor/catkin_ws/devel/share/common-lisp/ros/map_msgs/msg/_package_PointCloud2Update.lisp)
Linked: (/home/ltoschi/Documents/robovisor/catkin_ws/devel/.private/map_msgs/share/common-lisp/ros/map_msgs/msg/OccupancyGridUpdate.lisp, /home/ltoschi/Documents/robovisor/catkin_ws/devel/share/common-lisp/ros/map_msgs/msg/OccupancyGridUpdate.lisp)
Linked: (/home/ltoschi/Documents/robovisor/catkin_ws/devel/.private/map_msgs/share/common-lisp/ros/map_msgs/msg/PointCloud2Update.lisp, /home/ltoschi/Documents/robovisor/catkin_ws/devel/share/common-lisp/ros/map_msgs/msg/PointCloud2Update.lisp)
Linked: (/home/ltoschi/Documents/robovisor/catkin_ws/devel/.private/map_msgs/share/common-lisp/ros/map_msgs/msg/_package_OccupancyGridUpdate.lisp, /home/ltoschi/Documents/robovisor/catkin_ws/devel/share/common-lisp/ros/map_msgs/msg/_package_OccupancyGridUpdate.lisp)
Linked: (/home/ltoschi/Documents/robovisor/catkin_ws/devel/.private/map_msgs/share/common-lisp/ros/map_msgs/msg/_package_ProjectedMapInfo.lisp, /home/ltoschi/Documents/robovisor/catkin_ws/devel/share/common-lisp/ros/map_msgs/msg/_package_ProjectedMapInfo.lisp)
Linked: (/home/ltoschi/Documents/robovisor/catkin_ws/devel/.private/map_msgs/share/common-lisp/ros/map_msgs/msg/ProjectedMap.lisp, /home/ltoschi/Documents/robovisor/catkin_ws/devel/share/common-lisp/ros/map_msgs/msg/ProjectedMap.lisp)
Linked: (/home/ltoschi/Documents/robovisor/catkin_ws/devel/.private/map_msgs/share/common-lisp/ros/map_msgs/msg/map_msgs-msg.asd, /home/ltoschi/Documents/robovisor/catkin_ws/devel/share/common-lisp/ros/map_msgs/msg/map_msgs-msg.asd)
Linked: (/home/ltoschi/Documents/robovisor/catkin_ws/devel/.private/map_msgs/share/common-lisp/ros/map_msgs/msg/ProjectedMapInfo.lisp, /home/ltoschi/Documents/robovisor/catkin_ws/devel/share/common-lisp/ros/map_msgs/msg/ProjectedMapInfo.lisp)
Linked: (/home/ltoschi/Documents/robovisor/catkin_ws/devel/.private/map_msgs/share/common-lisp/ros/map_msgs/msg/_package_ProjectedMap.lisp, /home/ltoschi/Documents/robovisor/catkin_ws/devel/share/common-lisp/ros/map_msgs/msg/_package_ProjectedMap.lisp)
Linked: (/home/ltoschi/Documents/robovisor/catkin_ws/devel/.private/map_msgs/share/common-lisp/ros/map_msgs/msg/_package.lisp, /home/ltoschi/Documents/robovisor/catkin_ws/devel/share/common-lisp/ros/map_msgs/msg/_package.lisp)
