[35m[1mScanning dependencies of target tf2_msgs_generate_messages_nodejs[0m
[35m[1mScanning dependencies of target costmap_2d_gencfg[0m
[35m[1mScanning dependencies of target std_msgs_generate_messages_py[0m
[35m[1mScanning dependencies of target _costmap_2d_generate_messages_check_deps_VoxelGrid[0m
[35m[1mScanning dependencies of target geometry_msgs_generate_messages_py[0m
[  2%] [34m[1mGenerating dynamic reconfigure files from cfg/Costmap2D.cfg: /home/ltoschi/Documents/robovisor/catkin_ws/devel/.private/costmap_2d/include/costmap_2d/Costmap2DConfig.h /home/ltoschi/Documents/robovisor/catkin_ws/devel/.private/costmap_2d/lib/python3/dist-packages/costmap_2d/cfg/Costmap2DConfig.py[0m
[35m[1mScanning dependencies of target map_msgs_generate_messages_py[0m
[  2%] Built target tf2_msgs_generate_messages_nodejs
[  2%] Built target std_msgs_generate_messages_py
[  2%] Built target geometry_msgs_generate_messages_py
[  2%] Built target map_msgs_generate_messages_py
[  5%] [34m[1mGenerating dynamic reconfigure files from cfg/ObstaclePlugin.cfg: /home/ltoschi/Documents/robovisor/catkin_ws/devel/.private/costmap_2d/include/costmap_2d/ObstaclePluginConfig.h /home/ltoschi/Documents/robovisor/catkin_ws/devel/.private/costmap_2d/lib/python3/dist-packages/costmap_2d/cfg/ObstaclePluginConfig.py[0m
[35m[1mScanning dependencies of target std_msgs_generate_messages_cpp[0m
[35m[1mScanning dependencies of target map_msgs_generate_messages_cpp[0m
[  8%] [34m[1mGenerating dynamic reconfigure files from cfg/GenericPlugin.cfg: /home/ltoschi/Documents/robovisor/catkin_ws/devel/.private/costmap_2d/include/costmap_2d/GenericPluginConfig.h /home/ltoschi/Documents/robovisor/catkin_ws/devel/.private/costmap_2d/lib/python3/dist-packages/costmap_2d/cfg/GenericPluginConfig.py[0m
[  8%] Built target map_msgs_generate_messages_cpp
[  8%] Built target std_msgs_generate_messages_cpp
[ 11%] [34m[1mGenerating dynamic reconfigure files from cfg/InflationPlugin.cfg: /home/ltoschi/Documents/robovisor/catkin_ws/devel/.private/costmap_2d/include/costmap_2d/InflationPluginConfig.h /home/ltoschi/Documents/robovisor/catkin_ws/devel/.private/costmap_2d/lib/python3/dist-packages/costmap_2d/cfg/InflationPluginConfig.py[0m
[ 14%] [34m[1mGenerating dynamic reconfigure files from cfg/VoxelPlugin.cfg: /home/ltoschi/Documents/robovisor/catkin_ws/devel/.private/costmap_2d/include/costmap_2d/VoxelPluginConfig.h /home/ltoschi/Documents/robovisor/catkin_ws/devel/.private/costmap_2d/lib/python3/dist-packages/costmap_2d/cfg/VoxelPluginConfig.py[0m
[ 14%] Built target _costmap_2d_generate_messages_check_deps_VoxelGrid
[35m[1mScanning dependencies of target geometry_msgs_generate_messages_cpp[0m
[ 14%] Built target geometry_msgs_generate_messages_cpp
[35m[1mScanning dependencies of target visualization_msgs_generate_messages_py[0m
Generating reconfiguration files for Costmap2D in costmap_2d
[ 14%] Built target visualization_msgs_generate_messages_py
Wrote header file in /home/ltoschi/Documents/robovisor/catkin_ws/devel/.private/costmap_2d/include/costmap_2d/Costmap2DConfig.h
Generating reconfiguration files for GenericPlugin in costmap_2d
Wrote header file in /home/ltoschi/Documents/robovisor/catkin_ws/devel/.private/costmap_2d/include/costmap_2d/GenericPluginConfig.h
[35m[1mScanning dependencies of target visualization_msgs_generate_messages_nodejs[0m
[ 14%] Built target visualization_msgs_generate_messages_nodejs
[35m[1mScanning dependencies of target visualization_msgs_generate_messages_lisp[0m
Generating reconfiguration files for ObstaclePlugin in costmap_2d
Wrote header file in /home/ltoschi/Documents/robovisor/catkin_ws/devel/.private/costmap_2d/include/costmap_2d/ObstaclePluginConfig.h
[ 14%] Built target visualization_msgs_generate_messages_lisp
[35m[1mScanning dependencies of target nav_msgs_generate_messages_lisp[0m
Generating reconfiguration files for InflationPlugin in costmap_2d
Wrote header file in /home/ltoschi/Documents/robovisor/catkin_ws/devel/.private/costmap_2d/include/costmap_2d/InflationPluginConfig.h
Generating reconfiguration files for VoxelPlugin in costmap_2d
Wrote header file in /home/ltoschi/Documents/robovisor/catkin_ws/devel/.private/costmap_2d/include/costmap_2d/VoxelPluginConfig.h
[35m[1mScanning dependencies of target nav_msgs_generate_messages_eus[0m
[35m[1mScanning dependencies of target nav_msgs_generate_messages_cpp[0m
[35m[1mScanning dependencies of target visualization_msgs_generate_messages_eus[0m
[ 14%] Built target nav_msgs_generate_messages_lisp
[ 14%] Built target visualization_msgs_generate_messages_eus
[ 14%] Built target nav_msgs_generate_messages_cpp
[ 14%] Built target nav_msgs_generate_messages_eus
[35m[1mScanning dependencies of target tf_generate_messages_nodejs[0m
[35m[1mScanning dependencies of target roscpp_generate_messages_eus[0m
[35m[1mScanning dependencies of target map_msgs_generate_messages_nodejs[0m
[ 14%] Built target tf_generate_messages_nodejs
[ 14%] Built target roscpp_generate_messages_eus
[ 14%] Built target map_msgs_generate_messages_nodejs
[35m[1mScanning dependencies of target tf_generate_messages_cpp[0m
[ 14%] Built target costmap_2d_gencfg
[35m[1mScanning dependencies of target roscpp_generate_messages_py[0m
[35m[1mScanning dependencies of target geometry_msgs_generate_messages_lisp[0m
[ 14%] Built target tf_generate_messages_cpp
[35m[1mScanning dependencies of target std_msgs_generate_messages_nodejs[0m
[ 14%] Built target roscpp_generate_messages_py
[35m[1mScanning dependencies of target geometry_msgs_generate_messages_eus[0m
[35m[1mScanning dependencies of target map_msgs_generate_messages_lisp[0m
[ 14%] Built target geometry_msgs_generate_messages_lisp
[ 14%] Built target std_msgs_generate_messages_nodejs
[35m[1mScanning dependencies of target std_msgs_generate_messages_lisp[0m
[ 14%] Built target geometry_msgs_generate_messages_eus
[ 14%] Built target map_msgs_generate_messages_lisp
[35m[1mScanning dependencies of target actionlib_generate_messages_lisp[0m
[35m[1mScanning dependencies of target roscpp_generate_messages_lisp[0m
[35m[1mScanning dependencies of target nav_msgs_generate_messages_nodejs[0m
[ 14%] Built target std_msgs_generate_messages_lisp
[35m[1mScanning dependencies of target sensor_msgs_generate_messages_cpp[0m
[35m[1mScanning dependencies of target geometry_msgs_generate_messages_nodejs[0m
[ 14%] Built target actionlib_generate_messages_lisp
[ 14%] Built target roscpp_generate_messages_lisp
[ 14%] Built target nav_msgs_generate_messages_nodejs
[35m[1mScanning dependencies of target tf2_msgs_generate_messages_cpp[0m
[ 14%] Built target geometry_msgs_generate_messages_nodejs
[ 14%] Built target sensor_msgs_generate_messages_cpp
[35m[1mScanning dependencies of target tf_generate_messages_eus[0m
[35m[1mScanning dependencies of target dynamic_reconfigure_generate_messages_lisp[0m
[35m[1mScanning dependencies of target dynamic_reconfigure_gencfg[0m
[ 14%] Built target tf2_msgs_generate_messages_cpp
[35m[1mScanning dependencies of target rosgraph_msgs_generate_messages_lisp[0m
[ 14%] Built target dynamic_reconfigure_generate_messages_lisp
[35m[1mScanning dependencies of target dynamic_reconfigure_generate_messages_py[0m
[ 14%] Built target dynamic_reconfigure_gencfg
[ 14%] Built target tf_generate_messages_eus
[35m[1mScanning dependencies of target rosgraph_msgs_generate_messages_py[0m
[ 14%] Built target dynamic_reconfigure_generate_messages_py
[35m[1mScanning dependencies of target actionlib_msgs_generate_messages_eus[0m
[35m[1mScanning dependencies of target nav_msgs_generate_messages_py[0m
[ 14%] Built target rosgraph_msgs_generate_messages_lisp
[35m[1mScanning dependencies of target dynamic_reconfigure_generate_messages_cpp[0m
[ 14%] Built target actionlib_msgs_generate_messages_eus
[ 14%] Built target rosgraph_msgs_generate_messages_py
[35m[1mScanning dependencies of target tf_generate_messages_lisp[0m
[35m[1mScanning dependencies of target dynamic_reconfigure_generate_messages_eus[0m
[ 14%] Built target nav_msgs_generate_messages_py
[ 14%] Built target dynamic_reconfigure_generate_messages_cpp
[35m[1mScanning dependencies of target std_msgs_generate_messages_eus[0m
[35m[1mScanning dependencies of target map_msgs_generate_messages_eus[0m
[ 14%] Built target tf_generate_messages_lisp
[35m[1mScanning dependencies of target dynamic_reconfigure_generate_messages_nodejs[0m
[ 14%] Built target dynamic_reconfigure_generate_messages_eus
[ 14%] Built target std_msgs_generate_messages_eus
[35m[1mScanning dependencies of target tf2_msgs_generate_messages_py[0m
[ 14%] Built target dynamic_reconfigure_generate_messages_nodejs
[ 14%] Built target map_msgs_generate_messages_eus
[35m[1mScanning dependencies of target roscpp_generate_messages_cpp[0m
[35m[1mScanning dependencies of target tf2_msgs_generate_messages_eus[0m
[35m[1mScanning dependencies of target sensor_msgs_generate_messages_py[0m
[35m[1mScanning dependencies of target roscpp_generate_messages_nodejs[0m
[ 14%] Built target roscpp_generate_messages_cpp
[ 14%] Built target tf2_msgs_generate_messages_py
[ 14%] Built target tf2_msgs_generate_messages_eus
[35m[1mScanning dependencies of target rosgraph_msgs_generate_messages_eus[0m
[ 14%] Built target sensor_msgs_generate_messages_py
[ 14%] Built target roscpp_generate_messages_nodejs
[35m[1mScanning dependencies of target rosgraph_msgs_generate_messages_nodejs[0m
[35m[1mScanning dependencies of target actionlib_generate_messages_cpp[0m
[35m[1mScanning dependencies of target actionlib_msgs_generate_messages_py[0m
[35m[1mScanning dependencies of target visualization_msgs_generate_messages_cpp[0m
[35m[1mScanning dependencies of target sensor_msgs_generate_messages_eus[0m
[ 14%] Built target rosgraph_msgs_generate_messages_eus
[ 14%] Built target rosgraph_msgs_generate_messages_nodejs
[ 14%] Built target actionlib_generate_messages_cpp
[ 14%] Built target actionlib_msgs_generate_messages_py
[ 14%] Built target visualization_msgs_generate_messages_cpp
[ 14%] Built target sensor_msgs_generate_messages_eus
[35m[1mScanning dependencies of target rosgraph_msgs_generate_messages_cpp[0m
[35m[1mScanning dependencies of target sensor_msgs_generate_messages_lisp[0m
[35m[1mScanning dependencies of target actionlib_msgs_generate_messages_cpp[0m
[35m[1mScanning dependencies of target sensor_msgs_generate_messages_nodejs[0m
[35m[1mScanning dependencies of target actionlib_generate_messages_eus[0m
[35m[1mScanning dependencies of target actionlib_generate_messages_nodejs[0m
[ 14%] Built target sensor_msgs_generate_messages_lisp
[ 14%] Built target sensor_msgs_generate_messages_nodejs
[ 14%] Built target rosgraph_msgs_generate_messages_cpp
[ 14%] Built target actionlib_msgs_generate_messages_cpp
[ 14%] Built target actionlib_generate_messages_eus
[ 14%] Built target actionlib_generate_messages_nodejs
[35m[1mScanning dependencies of target actionlib_generate_messages_py[0m
[35m[1mScanning dependencies of target tf_generate_messages_py[0m
[35m[1mScanning dependencies of target actionlib_msgs_generate_messages_lisp[0m
[35m[1mScanning dependencies of target costmap_2d_generate_messages_py[0m
[35m[1mScanning dependencies of target actionlib_msgs_generate_messages_nodejs[0m
[35m[1mScanning dependencies of target tf2_msgs_generate_messages_lisp[0m
[ 14%] Built target tf_generate_messages_py
[ 14%] Built target actionlib_generate_messages_py
[ 14%] Built target actionlib_msgs_generate_messages_nodejs
[ 17%] [34m[1mGenerating Python from MSG costmap_2d/VoxelGrid[0m
[35m[1mScanning dependencies of target costmap_2d_generate_messages_cpp[0m
[ 17%] Built target actionlib_msgs_generate_messages_lisp
[ 17%] Built target tf2_msgs_generate_messages_lisp
[35m[1mScanning dependencies of target costmap_2d_generate_messages_nodejs[0m
